{"/Users/suppawit/Documents/work/others/exams/vending-machine-app/src/main.tsx": {"path":"/Users/suppawit/Documents/work/others/exams/vending-machine-app/src/main.tsx","statementMap":{"0":{"start":{"line":11,"column":0},"end":{"line":15,"column":1}}},"fnMap":{},"branchMap":{},"s":{"0":0},"f":{},"b":{}}
,"/Users/suppawit/Documents/work/others/exams/vending-machine-app/src/vite-env.d.ts": {"path":"/Users/suppawit/Documents/work/others/exams/vending-machine-app/src/vite-env.d.ts","statementMap":{},"fnMap":{},"branchMap":{},"s":{},"f":{},"b":{}}
,"/Users/suppawit/Documents/work/others/exams/vending-machine-app/src/components/Button/index.tsx": {"path":"/Users/suppawit/Documents/work/others/exams/vending-machine-app/src/components/Button/index.tsx","statementMap":{"0":{"start":{"line":7,"column":15},"end":{"line":24,"column":1}},"1":{"start":{"line":8,"column":2},"end":{"line":23,"column":3}}},"fnMap":{"0":{"name":"(anonymous_0)","decl":{"start":{"line":7,"column":15},"end":{"line":7,"column":16}},"loc":{"start":{"line":7,"column":107},"end":{"line":24,"column":1}},"line":7}},"branchMap":{"0":{"loc":{"start":{"line":10,"column":15},"end":{"line":10,"column":46}},"type":"cond-expr","locations":[{"start":{"line":10,"column":27},"end":{"line":10,"column":34}},{"start":{"line":10,"column":37},"end":{"line":10,"column":46}}],"line":10},"1":{"loc":{"start":{"line":12,"column":8},"end":{"line":12,"column":30}},"type":"binary-expr","locations":[{"start":{"line":12,"column":8},"end":{"line":12,"column":16}},{"start":{"line":12,"column":20},"end":{"line":12,"column":30}}],"line":12},"2":{"loc":{"start":{"line":13,"column":8},"end":{"line":13,"column":31}},"type":"binary-expr","locations":[{"start":{"line":13,"column":8},"end":{"line":13,"column":16}},{"start":{"line":13,"column":20},"end":{"line":13,"column":31}}],"line":13},"3":{"loc":{"start":{"line":14,"column":8},"end":{"line":14,"column":30}},"type":"binary-expr","locations":[{"start":{"line":14,"column":8},"end":{"line":14,"column":17}},{"start":{"line":14,"column":21},"end":{"line":14,"column":30}}],"line":14},"4":{"loc":{"start":{"line":15,"column":8},"end":{"line":15,"column":28}},"type":"binary-expr","locations":[{"start":{"line":15,"column":8},"end":{"line":15,"column":15}},{"start":{"line":15,"column":19},"end":{"line":15,"column":28}}],"line":15},"5":{"loc":{"start":{"line":17,"column":8},"end":{"line":17,"column":26}},"type":"binary-expr","locations":[{"start":{"line":17,"column":8},"end":{"line":17,"column":14}},{"start":{"line":17,"column":18},"end":{"line":17,"column":26}}],"line":17}},"s":{"0":3,"1":24},"f":{"0":24},"b":{"0":[20,4],"1":[24,4],"2":[24,15],"3":[24,12],"4":[24,7],"5":[24,1]},"_coverageSchema":"1a1c01bbd47fc00a2c39e90264f33305004495a9","hash":"59d1689cb2a40be2d1015c7208011e8fb0cbf291"}
,"/Users/suppawit/Documents/work/others/exams/vending-machine-app/src/components/Button/styled.ts": {"path":"/Users/suppawit/Documents/work/others/exams/vending-machine-app/src/components/Button/styled.ts","statementMap":{},"fnMap":{},"branchMap":{},"s":{},"f":{},"b":{},"_coverageSchema":"1a1c01bbd47fc00a2c39e90264f33305004495a9","hash":"21939963b57817a45d300bb4fdc3cca30c93fa01"}
,"/Users/suppawit/Documents/work/others/exams/vending-machine-app/src/components/Modal/index.tsx": {"path":"/Users/suppawit/Documents/work/others/exams/vending-machine-app/src/components/Modal/index.tsx","statementMap":{"0":{"start":{"line":9,"column":14},"end":{"line":27,"column":1}},"1":{"start":{"line":10,"column":27},"end":{"line":10,"column":49}},"2":{"start":{"line":10,"column":33},"end":{"line":10,"column":49}},"3":{"start":{"line":11,"column":2},"end":{"line":26,"column":10}}},"fnMap":{"0":{"name":"(anonymous_0)","decl":{"start":{"line":9,"column":14},"end":{"line":9,"column":15}},"loc":{"start":{"line":9,"column":63},"end":{"line":27,"column":1}},"line":9},"1":{"name":"(anonymous_1)","decl":{"start":{"line":10,"column":27},"end":{"line":10,"column":28}},"loc":{"start":{"line":10,"column":33},"end":{"line":10,"column":49}},"line":10}},"branchMap":{"0":{"loc":{"start":{"line":11,"column":9},"end":{"line":26,"column":10}},"type":"cond-expr","locations":[{"start":{"line":12,"column":4},"end":{"line":25,"column":18}},{"start":{"line":26,"column":6},"end":{"line":26,"column":10}}],"line":11}},"s":{"0":2,"1":12,"2":1,"3":12},"f":{"0":12,"1":1},"b":{"0":[6,6]},"_coverageSchema":"1a1c01bbd47fc00a2c39e90264f33305004495a9","hash":"c432980ee090ed42f1e3e91253c8dd7a9378cd34"}
,"/Users/suppawit/Documents/work/others/exams/vending-machine-app/src/components/Modal/styled.ts": {"path":"/Users/suppawit/Documents/work/others/exams/vending-machine-app/src/components/Modal/styled.ts","statementMap":{"0":{"start":{"line":49,"column":34},"end":{"line":111,"column":1}}},"fnMap":{},"branchMap":{},"s":{"0":2},"f":{},"b":{},"_coverageSchema":"1a1c01bbd47fc00a2c39e90264f33305004495a9","hash":"8068e625dc192fbc5e3db00f48373ab9637c7c16"}
,"/Users/suppawit/Documents/work/others/exams/vending-machine-app/src/components/Money/index.tsx": {"path":"/Users/suppawit/Documents/work/others/exams/vending-machine-app/src/components/Money/index.tsx","statementMap":{"0":{"start":{"line":5,"column":14},"end":{"line":15,"column":1}},"1":{"start":{"line":6,"column":2},"end":{"line":14,"column":16}}},"fnMap":{"0":{"name":"(anonymous_0)","decl":{"start":{"line":5,"column":14},"end":{"line":5,"column":15}},"loc":{"start":{"line":6,"column":2},"end":{"line":14,"column":16}},"line":6}},"branchMap":{},"s":{"0":1,"1":1},"f":{"0":1},"b":{},"_coverageSchema":"1a1c01bbd47fc00a2c39e90264f33305004495a9","hash":"edb45542f5d983c64c408d8952a5e92aa41d6768"}
,"/Users/suppawit/Documents/work/others/exams/vending-machine-app/src/components/Money/styled.ts": {"path":"/Users/suppawit/Documents/work/others/exams/vending-machine-app/src/components/Money/styled.ts","statementMap":{},"fnMap":{},"branchMap":{},"s":{},"f":{},"b":{},"_coverageSchema":"1a1c01bbd47fc00a2c39e90264f33305004495a9","hash":"6ea137d9cc5d4ee805cd86dc061bd91f6b1fe9c4"}
,"/Users/suppawit/Documents/work/others/exams/vending-machine-app/src/constants/colors.ts": {"path":"/Users/suppawit/Documents/work/others/exams/vending-machine-app/src/constants/colors.ts","statementMap":{"0":{"start":{"line":1,"column":22},"end":{"line":5,"column":1}}},"fnMap":{},"branchMap":{},"s":{"0":4},"f":{},"b":{},"_coverageSchema":"1a1c01bbd47fc00a2c39e90264f33305004495a9","hash":"be8fd69d1a7c7339c83f26c8a6f6ebb5db131495"}
,"/Users/suppawit/Documents/work/others/exams/vending-machine-app/src/constants/moneyData.ts": {"path":"/Users/suppawit/Documents/work/others/exams/vending-machine-app/src/constants/moneyData.ts","statementMap":{"0":{"start":{"line":1,"column":30},"end":{"line":10,"column":1}},"1":{"start":{"line":12,"column":36},"end":{"line":21,"column":1}},"2":{"start":{"line":23,"column":28},"end":{"line":23,"column":78}}},"fnMap":{},"branchMap":{},"s":{"0":4,"1":4,"2":4},"f":{},"b":{},"_coverageSchema":"1a1c01bbd47fc00a2c39e90264f33305004495a9","hash":"52f712a68d9f5767791d8f3ed4a5e11cda42d795"}
,"/Users/suppawit/Documents/work/others/exams/vending-machine-app/src/constants/productData.ts": {"path":"/Users/suppawit/Documents/work/others/exams/vending-machine-app/src/constants/productData.ts","statementMap":{"0":{"start":{"line":14,"column":24},"end":{"line":125,"column":1}},"1":{"start":{"line":127,"column":28},"end":{"line":131,"column":1}},"2":{"start":{"line":133,"column":33},"end":{"line":133,"column":61}},"3":{"start":{"line":135,"column":36},"end":{"line":145,"column":1}}},"fnMap":{},"branchMap":{},"s":{"0":4,"1":4,"2":4,"3":4},"f":{},"b":{},"_coverageSchema":"1a1c01bbd47fc00a2c39e90264f33305004495a9","hash":"c53f41d3115b8ea64f787c2d68d389b051610ff5"}
,"/Users/suppawit/Documents/work/others/exams/vending-machine-app/src/constants/routes.ts": {"path":"/Users/suppawit/Documents/work/others/exams/vending-machine-app/src/constants/routes.ts","statementMap":{"0":{"start":{"line":1,"column":30},"end":{"line":1,"column":33}},"1":{"start":{"line":2,"column":32},"end":{"line":2,"column":41}},"2":{"start":{"line":3,"column":33},"end":{"line":3,"column":43}}},"fnMap":{},"branchMap":{},"s":{"0":0,"1":0,"2":0},"f":{},"b":{}}
,"/Users/suppawit/Documents/work/others/exams/vending-machine-app/src/constants/testID.ts": {"path":"/Users/suppawit/Documents/work/others/exams/vending-machine-app/src/constants/testID.ts","statementMap":{"0":{"start":{"line":2,"column":27},"end":{"line":2,"column":42}},"1":{"start":{"line":3,"column":35},"end":{"line":3,"column":60}},"2":{"start":{"line":6,"column":33},"end":{"line":6,"column":55}},"3":{"start":{"line":7,"column":40},"end":{"line":7,"column":71}},"4":{"start":{"line":8,"column":41},"end":{"line":8,"column":73}},"5":{"start":{"line":9,"column":38},"end":{"line":9,"column":66}},"6":{"start":{"line":10,"column":45},"end":{"line":10,"column":79}}},"fnMap":{},"branchMap":{},"s":{"0":2,"1":2,"2":2,"3":2,"4":2,"5":2,"6":2},"f":{},"b":{},"_coverageSchema":"1a1c01bbd47fc00a2c39e90264f33305004495a9","hash":"9054aa95348fc4dab007310c205ea55498c237c3"}
,"/Users/suppawit/Documents/work/others/exams/vending-machine-app/src/containers/FinishPage/index.tsx": {"path":"/Users/suppawit/Documents/work/others/exams/vending-machine-app/src/containers/FinishPage/index.tsx","statementMap":{"0":{"start":{"line":12,"column":19},"end":{"line":41,"column":1}},"1":{"start":{"line":13,"column":19},"end":{"line":13,"column":32}},"2":{"start":{"line":15,"column":69},"end":{"line":15,"column":88}},"3":{"start":{"line":16,"column":29},"end":{"line":16,"column":50}},"4":{"start":{"line":18,"column":39},"end":{"line":18,"column":66}},"5":{"start":{"line":20,"column":25},"end":{"line":25,"column":3}},"6":{"start":{"line":21,"column":4},"end":{"line":21,"column":20}},"7":{"start":{"line":22,"column":4},"end":{"line":22,"column":22}},"8":{"start":{"line":23,"column":4},"end":{"line":23,"column":25}},"9":{"start":{"line":24,"column":4},"end":{"line":24,"column":28}},"10":{"start":{"line":27,"column":2},"end":{"line":40,"column":3}},"11":{"start":{"line":33,"column":12},"end":{"line":33,"column":106}},"12":{"start":{"line":33,"column":46},"end":{"line":33,"column":106}}},"fnMap":{"0":{"name":"(anonymous_0)","decl":{"start":{"line":12,"column":19},"end":{"line":12,"column":20}},"loc":{"start":{"line":12,"column":25},"end":{"line":41,"column":1}},"line":12},"1":{"name":"(anonymous_1)","decl":{"start":{"line":20,"column":25},"end":{"line":20,"column":26}},"loc":{"start":{"line":20,"column":31},"end":{"line":25,"column":3}},"line":20},"2":{"name":"(anonymous_2)","decl":{"start":{"line":32,"column":40},"end":{"line":32,"column":41}},"loc":{"start":{"line":32,"column":57},"end":{"line":34,"column":11}},"line":32}},"branchMap":{"0":{"loc":{"start":{"line":33,"column":12},"end":{"line":33,"column":106}},"type":"if","locations":[{"start":{"line":33,"column":12},"end":{"line":33,"column":106}},{"start":{},"end":{}}],"line":33}},"s":{"0":0,"1":0,"2":0,"3":0,"4":0,"5":0,"6":0,"7":0,"8":0,"9":0,"10":0,"11":0,"12":0},"f":{"0":0,"1":0,"2":0},"b":{"0":[0,0]}}
,"/Users/suppawit/Documents/work/others/exams/vending-machine-app/src/containers/FinishPage/styled.ts": {"path":"/Users/suppawit/Documents/work/others/exams/vending-machine-app/src/containers/FinishPage/styled.ts","statementMap":{},"fnMap":{},"branchMap":{},"s":{},"f":{},"b":{}}
,"/Users/suppawit/Documents/work/others/exams/vending-machine-app/src/containers/HomePage/index.tsx": {"path":"/Users/suppawit/Documents/work/others/exams/vending-machine-app/src/containers/HomePage/index.tsx","statementMap":{"0":{"start":{"line":12,"column":17},"end":{"line":30,"column":1}},"1":{"start":{"line":13,"column":31},"end":{"line":13,"column":52}},"2":{"start":{"line":15,"column":40},"end":{"line":15,"column":64}},"3":{"start":{"line":17,"column":2},"end":{"line":29,"column":3}},"4":{"start":{"line":23,"column":105},"end":{"line":23,"column":125}}},"fnMap":{"0":{"name":"(anonymous_0)","decl":{"start":{"line":12,"column":17},"end":{"line":12,"column":18}},"loc":{"start":{"line":12,"column":23},"end":{"line":30,"column":1}},"line":12},"1":{"name":"(anonymous_1)","decl":{"start":{"line":23,"column":99},"end":{"line":23,"column":100}},"loc":{"start":{"line":23,"column":105},"end":{"line":23,"column":125}},"line":23}},"branchMap":{"0":{"loc":{"start":{"line":22,"column":9},"end":{"line":22,"column":130}},"type":"binary-expr","locations":[{"start":{"line":22,"column":9},"end":{"line":22,"column":29}},{"start":{"line":22,"column":33},"end":{"line":22,"column":130}}],"line":22}},"s":{"0":0,"1":0,"2":0,"3":0,"4":0},"f":{"0":0,"1":0},"b":{"0":[0,0]}}
,"/Users/suppawit/Documents/work/others/exams/vending-machine-app/src/containers/HomePage/styled.ts": {"path":"/Users/suppawit/Documents/work/others/exams/vending-machine-app/src/containers/HomePage/styled.ts","statementMap":{},"fnMap":{},"branchMap":{},"s":{},"f":{},"b":{}}
,"/Users/suppawit/Documents/work/others/exams/vending-machine-app/src/containers/HomePage/components/Cart/index.tsx": {"path":"/Users/suppawit/Documents/work/others/exams/vending-machine-app/src/containers/HomePage/components/Cart/index.tsx","statementMap":{"0":{"start":{"line":15,"column":13},"end":{"line":69,"column":1}},"1":{"start":{"line":16,"column":19},"end":{"line":16,"column":32}},"2":{"start":{"line":18,"column":4},"end":{"line":18,"column":25}},"3":{"start":{"line":20,"column":30},"end":{"line":20,"column":136}},"4":{"start":{"line":20,"column":57},"end":{"line":20,"column":136}},"5":{"start":{"line":20,"column":97},"end":{"line":20,"column":124}},"6":{"start":{"line":22,"column":2},"end":{"line":68,"column":3}},"7":{"start":{"line":28,"column":12},"end":{"line":56,"column":18}},"8":{"start":{"line":36,"column":33},"end":{"line":36,"column":69}},"9":{"start":{"line":45,"column":33},"end":{"line":45,"column":69}},"10":{"start":{"line":54,"column":62},"end":{"line":54,"column":90}},"11":{"start":{"line":64,"column":113},"end":{"line":64,"column":140}}},"fnMap":{"0":{"name":"(anonymous_0)","decl":{"start":{"line":15,"column":13},"end":{"line":15,"column":14}},"loc":{"start":{"line":15,"column":43},"end":{"line":69,"column":1}},"line":15},"1":{"name":"(anonymous_1)","decl":{"start":{"line":20,"column":30},"end":{"line":20,"column":31}},"loc":{"start":{"line":20,"column":57},"end":{"line":20,"column":136}},"line":20},"2":{"name":"(anonymous_2)","decl":{"start":{"line":20,"column":78},"end":{"line":20,"column":79}},"loc":{"start":{"line":20,"column":97},"end":{"line":20,"column":124}},"line":20},"3":{"name":"(anonymous_3)","decl":{"start":{"line":27,"column":29},"end":{"line":27,"column":30}},"loc":{"start":{"line":28,"column":12},"end":{"line":56,"column":18}},"line":28},"4":{"name":"(anonymous_4)","decl":{"start":{"line":36,"column":27},"end":{"line":36,"column":28}},"loc":{"start":{"line":36,"column":33},"end":{"line":36,"column":69}},"line":36},"5":{"name":"(anonymous_5)","decl":{"start":{"line":45,"column":27},"end":{"line":45,"column":28}},"loc":{"start":{"line":45,"column":33},"end":{"line":45,"column":69}},"line":45},"6":{"name":"(anonymous_6)","decl":{"start":{"line":54,"column":56},"end":{"line":54,"column":57}},"loc":{"start":{"line":54,"column":62},"end":{"line":54,"column":90}},"line":54},"7":{"name":"(anonymous_7)","decl":{"start":{"line":64,"column":107},"end":{"line":64,"column":108}},"loc":{"start":{"line":64,"column":113},"end":{"line":64,"column":140}},"line":64}},"branchMap":{"0":{"loc":{"start":{"line":23,"column":32},"end":{"line":23,"column":54}},"type":"binary-expr","locations":[{"start":{"line":23,"column":32},"end":{"line":23,"column":41}},{"start":{"line":23,"column":45},"end":{"line":23,"column":54}}],"line":23},"1":{"loc":{"start":{"line":61,"column":7},"end":{"line":66,"column":7}},"type":"binary-expr","locations":[{"start":{"line":61,"column":7},"end":{"line":61,"column":33}},{"start":{"line":62,"column":8},"end":{"line":65,"column":14}}],"line":61}},"s":{"0":0,"1":0,"2":0,"3":0,"4":0,"5":0,"6":0,"7":0,"8":0,"9":0,"10":0,"11":0},"f":{"0":0,"1":0,"2":0,"3":0,"4":0,"5":0,"6":0,"7":0},"b":{"0":[0,0],"1":[0,0]}}
,"/Users/suppawit/Documents/work/others/exams/vending-machine-app/src/containers/HomePage/components/Cart/styled.ts": {"path":"/Users/suppawit/Documents/work/others/exams/vending-machine-app/src/containers/HomePage/components/Cart/styled.ts","statementMap":{},"fnMap":{},"branchMap":{},"s":{},"f":{},"b":{}}
,"/Users/suppawit/Documents/work/others/exams/vending-machine-app/src/containers/HomePage/components/ProductCard/index.tsx": {"path":"/Users/suppawit/Documents/work/others/exams/vending-machine-app/src/containers/HomePage/components/ProductCard/index.tsx","statementMap":{"0":{"start":{"line":18,"column":20},"end":{"line":94,"column":1}},"1":{"start":{"line":19,"column":51},"end":{"line":19,"column":72}},"2":{"start":{"line":21,"column":29},"end":{"line":21,"column":114}},"3":{"start":{"line":21,"column":35},"end":{"line":21,"column":114}},"4":{"start":{"line":21,"column":76},"end":{"line":21,"column":98}},"5":{"start":{"line":23,"column":48},"end":{"line":23,"column":87}},"6":{"start":{"line":24,"column":34},"end":{"line":24,"column":91}},"7":{"start":{"line":25,"column":40},"end":{"line":25,"column":64}},"8":{"start":{"line":27,"column":2},"end":{"line":30,"column":46}},"9":{"start":{"line":28,"column":4},"end":{"line":28,"column":44}},"10":{"start":{"line":29,"column":4},"end":{"line":29,"column":56}},"11":{"start":{"line":32,"column":2},"end":{"line":34,"column":23}},"12":{"start":{"line":33,"column":4},"end":{"line":33,"column":44}},"13":{"start":{"line":36,"column":37},"end":{"line":39,"column":3}},"14":{"start":{"line":37,"column":4},"end":{"line":37,"column":50}},"15":{"start":{"line":38,"column":4},"end":{"line":38,"column":25}},"16":{"start":{"line":41,"column":28},"end":{"line":43,"column":3}},"17":{"start":{"line":42,"column":4},"end":{"line":42,"column":59}},"18":{"start":{"line":42,"column":39},"end":{"line":42,"column":59}},"19":{"start":{"line":45,"column":26},"end":{"line":80,"column":3}},"20":{"start":{"line":46,"column":4},"end":{"line":79,"column":12}},"21":{"start":{"line":62,"column":31},"end":{"line":62,"column":56}},"22":{"start":{"line":70,"column":31},"end":{"line":70,"column":56}},"23":{"start":{"line":82,"column":2},"end":{"line":93,"column":3}}},"fnMap":{"0":{"name":"(anonymous_0)","decl":{"start":{"line":18,"column":20},"end":{"line":18,"column":21}},"loc":{"start":{"line":18,"column":55},"end":{"line":94,"column":1}},"line":18},"1":{"name":"(anonymous_1)","decl":{"start":{"line":21,"column":29},"end":{"line":21,"column":30}},"loc":{"start":{"line":21,"column":35},"end":{"line":21,"column":114}},"line":21},"2":{"name":"(anonymous_2)","decl":{"start":{"line":21,"column":57},"end":{"line":21,"column":58}},"loc":{"start":{"line":21,"column":76},"end":{"line":21,"column":98}},"line":21},"3":{"name":"(anonymous_3)","decl":{"start":{"line":27,"column":12},"end":{"line":27,"column":13}},"loc":{"start":{"line":27,"column":18},"end":{"line":30,"column":3}},"line":27},"4":{"name":"(anonymous_4)","decl":{"start":{"line":32,"column":12},"end":{"line":32,"column":13}},"loc":{"start":{"line":32,"column":18},"end":{"line":34,"column":3}},"line":32},"5":{"name":"(anonymous_5)","decl":{"start":{"line":36,"column":37},"end":{"line":36,"column":38}},"loc":{"start":{"line":36,"column":43},"end":{"line":39,"column":3}},"line":36},"6":{"name":"(anonymous_6)","decl":{"start":{"line":41,"column":28},"end":{"line":41,"column":29}},"loc":{"start":{"line":41,"column":34},"end":{"line":43,"column":3}},"line":41},"7":{"name":"(anonymous_7)","decl":{"start":{"line":45,"column":26},"end":{"line":45,"column":27}},"loc":{"start":{"line":46,"column":4},"end":{"line":79,"column":12}},"line":46},"8":{"name":"(anonymous_8)","decl":{"start":{"line":62,"column":25},"end":{"line":62,"column":26}},"loc":{"start":{"line":62,"column":31},"end":{"line":62,"column":56}},"line":62},"9":{"name":"(anonymous_9)","decl":{"start":{"line":70,"column":25},"end":{"line":70,"column":26}},"loc":{"start":{"line":70,"column":31},"end":{"line":70,"column":56}},"line":70}},"branchMap":{"0":{"loc":{"start":{"line":21,"column":35},"end":{"line":21,"column":114}},"type":"binary-expr","locations":[{"start":{"line":21,"column":35},"end":{"line":21,"column":99}},{"start":{"line":21,"column":103},"end":{"line":21,"column":114}}],"line":21},"1":{"loc":{"start":{"line":24,"column":51},"end":{"line":24,"column":90}},"type":"cond-expr","locations":[{"start":{"line":24,"column":85},"end":{"line":24,"column":86}},{"start":{"line":24,"column":89},"end":{"line":24,"column":90}}],"line":24},"2":{"loc":{"start":{"line":29,"column":16},"end":{"line":29,"column":55}},"type":"cond-expr","locations":[{"start":{"line":29,"column":50},"end":{"line":29,"column":51}},{"start":{"line":29,"column":54},"end":{"line":29,"column":55}}],"line":29},"3":{"loc":{"start":{"line":42,"column":4},"end":{"line":42,"column":59}},"type":"if","locations":[{"start":{"line":42,"column":4},"end":{"line":42,"column":59}},{"start":{},"end":{}}],"line":42},"4":{"loc":{"start":{"line":71,"column":26},"end":{"line":71,"column":104}},"type":"binary-expr","locations":[{"start":{"line":71,"column":26},"end":{"line":71,"column":64}},{"start":{"line":71,"column":68},"end":{"line":71,"column":104}}],"line":71},"5":{"loc":{"start":{"line":87,"column":60},"end":{"line":87,"column":105}},"type":"binary-expr","locations":[{"start":{"line":87,"column":60},"end":{"line":87,"column":91}},{"start":{"line":87,"column":95},"end":{"line":87,"column":105}}],"line":87}},"s":{"0":1,"1":12,"2":12,"3":23,"4":56,"5":12,"6":12,"7":12,"8":12,"9":7,"10":7,"11":12,"12":4,"13":12,"14":1,"15":1,"16":12,"17":3,"18":2,"19":12,"20":12,"21":1,"22":1,"23":12},"f":{"0":12,"1":23,"2":56,"3":7,"4":4,"5":1,"6":3,"7":12,"8":1,"9":1},"b":{"0":[23,0],"1":[1,11],"2":[1,6],"3":[2,1],"4":[12,11],"5":[12,1]},"_coverageSchema":"1a1c01bbd47fc00a2c39e90264f33305004495a9","hash":"9b34584b29f3c1e8280316560c2b4ed93cd53c59"}
,"/Users/suppawit/Documents/work/others/exams/vending-machine-app/src/containers/HomePage/components/ProductCard/styled.ts": {"path":"/Users/suppawit/Documents/work/others/exams/vending-machine-app/src/containers/HomePage/components/ProductCard/styled.ts","statementMap":{},"fnMap":{},"branchMap":{},"s":{},"f":{},"b":{},"_coverageSchema":"1a1c01bbd47fc00a2c39e90264f33305004495a9","hash":"08a03936c99681e7892de8f4f595fad81317bb16"}
,"/Users/suppawit/Documents/work/others/exams/vending-machine-app/src/containers/HomePage/components/ProductList/index.tsx": {"path":"/Users/suppawit/Documents/work/others/exams/vending-machine-app/src/containers/HomePage/components/ProductList/index.tsx","statementMap":{"0":{"start":{"line":6,"column":20},"end":{"line":15,"column":1}},"1":{"start":{"line":7,"column":2},"end":{"line":14,"column":3}},"2":{"start":{"line":11,"column":8},"end":{"line":11,"column":53}}},"fnMap":{"0":{"name":"(anonymous_0)","decl":{"start":{"line":6,"column":20},"end":{"line":6,"column":21}},"loc":{"start":{"line":6,"column":26},"end":{"line":15,"column":1}},"line":6},"1":{"name":"(anonymous_1)","decl":{"start":{"line":10,"column":29},"end":{"line":10,"column":30}},"loc":{"start":{"line":11,"column":8},"end":{"line":11,"column":53}},"line":11}},"branchMap":{},"s":{"0":0,"1":0,"2":0},"f":{"0":0,"1":0},"b":{}}
,"/Users/suppawit/Documents/work/others/exams/vending-machine-app/src/containers/HomePage/components/ProductList/styled.ts": {"path":"/Users/suppawit/Documents/work/others/exams/vending-machine-app/src/containers/HomePage/components/ProductList/styled.ts","statementMap":{},"fnMap":{},"branchMap":{},"s":{},"f":{},"b":{}}
,"/Users/suppawit/Documents/work/others/exams/vending-machine-app/src/containers/HomePage/components/ProductRow/index.tsx": {"path":"/Users/suppawit/Documents/work/others/exams/vending-machine-app/src/containers/HomePage/components/ProductRow/index.tsx","statementMap":{"0":{"start":{"line":10,"column":19},"end":{"line":22,"column":1}},"1":{"start":{"line":11,"column":26},"end":{"line":11,"column":47}},"2":{"start":{"line":12,"column":2},"end":{"line":21,"column":3}},"3":{"start":{"line":17,"column":10},"end":{"line":17,"column":60}}},"fnMap":{"0":{"name":"(anonymous_0)","decl":{"start":{"line":10,"column":19},"end":{"line":10,"column":20}},"loc":{"start":{"line":10,"column":63},"end":{"line":22,"column":1}},"line":10},"1":{"name":"(anonymous_1)","decl":{"start":{"line":16,"column":39},"end":{"line":16,"column":40}},"loc":{"start":{"line":17,"column":10},"end":{"line":17,"column":60}},"line":17}},"branchMap":{"0":{"loc":{"start":{"line":10,"column":22},"end":{"line":10,"column":39}},"type":"default-arg","locations":[{"start":{"line":10,"column":37},"end":{"line":10,"column":39}}],"line":10}},"s":{"0":0,"1":0,"2":0,"3":0},"f":{"0":0,"1":0},"b":{"0":[0]}}
,"/Users/suppawit/Documents/work/others/exams/vending-machine-app/src/containers/HomePage/components/ProductRow/styled.ts": {"path":"/Users/suppawit/Documents/work/others/exams/vending-machine-app/src/containers/HomePage/components/ProductRow/styled.ts","statementMap":{},"fnMap":{},"branchMap":{},"s":{},"f":{},"b":{}}
,"/Users/suppawit/Documents/work/others/exams/vending-machine-app/src/containers/PaymentPage/index.tsx": {"path":"/Users/suppawit/Documents/work/others/exams/vending-machine-app/src/containers/PaymentPage/index.tsx","statementMap":{"0":{"start":{"line":10,"column":20},"end":{"line":23,"column":1}},"1":{"start":{"line":11,"column":54},"end":{"line":11,"column":73}},"2":{"start":{"line":13,"column":2},"end":{"line":15,"column":30}},"3":{"start":{"line":14,"column":4},"end":{"line":14,"column":21}},"4":{"start":{"line":17,"column":2},"end":{"line":22,"column":3}}},"fnMap":{"0":{"name":"(anonymous_0)","decl":{"start":{"line":10,"column":20},"end":{"line":10,"column":21}},"loc":{"start":{"line":10,"column":26},"end":{"line":23,"column":1}},"line":10},"1":{"name":"(anonymous_1)","decl":{"start":{"line":13,"column":12},"end":{"line":13,"column":13}},"loc":{"start":{"line":13,"column":18},"end":{"line":15,"column":3}},"line":13}},"branchMap":{},"s":{"0":0,"1":0,"2":0,"3":0,"4":0},"f":{"0":0,"1":0},"b":{}}
,"/Users/suppawit/Documents/work/others/exams/vending-machine-app/src/containers/PaymentPage/styled.ts": {"path":"/Users/suppawit/Documents/work/others/exams/vending-machine-app/src/containers/PaymentPage/styled.ts","statementMap":{},"fnMap":{},"branchMap":{},"s":{},"f":{},"b":{}}
,"/Users/suppawit/Documents/work/others/exams/vending-machine-app/src/containers/PaymentPage/components/Payment/index.tsx": {"path":"/Users/suppawit/Documents/work/others/exams/vending-machine-app/src/containers/PaymentPage/components/Payment/index.tsx","statementMap":{"0":{"start":{"line":14,"column":16},"end":{"line":68,"column":1}},"1":{"start":{"line":15,"column":19},"end":{"line":15,"column":32}},"2":{"start":{"line":17,"column":4},"end":{"line":17,"column":23}},"3":{"start":{"line":18,"column":28},"end":{"line":18,"column":49}},"4":{"start":{"line":20,"column":32},"end":{"line":24,"column":3}},"5":{"start":{"line":21,"column":4},"end":{"line":21,"column":22}},"6":{"start":{"line":22,"column":4},"end":{"line":22,"column":28}},"7":{"start":{"line":23,"column":4},"end":{"line":23,"column":28}},"8":{"start":{"line":26,"column":2},"end":{"line":67,"column":3}},"9":{"start":{"line":32,"column":12},"end":{"line":32,"column":136}},"10":{"start":{"line":32,"column":52},"end":{"line":32,"column":136}},"11":{"start":{"line":46,"column":12},"end":{"line":46,"column":112}},"12":{"start":{"line":46,"column":61},"end":{"line":46,"column":91}},"13":{"start":{"line":51,"column":57},"end":{"line":51,"column":83}}},"fnMap":{"0":{"name":"(anonymous_0)","decl":{"start":{"line":14,"column":16},"end":{"line":14,"column":17}},"loc":{"start":{"line":14,"column":22},"end":{"line":68,"column":1}},"line":14},"1":{"name":"(anonymous_1)","decl":{"start":{"line":20,"column":32},"end":{"line":20,"column":33}},"loc":{"start":{"line":20,"column":38},"end":{"line":24,"column":3}},"line":20},"2":{"name":"(anonymous_2)","decl":{"start":{"line":31,"column":46},"end":{"line":31,"column":47}},"loc":{"start":{"line":31,"column":63},"end":{"line":33,"column":11}},"line":31},"3":{"name":"(anonymous_3)","decl":{"start":{"line":45,"column":28},"end":{"line":45,"column":29}},"loc":{"start":{"line":46,"column":12},"end":{"line":46,"column":112}},"line":46},"4":{"name":"(anonymous_4)","decl":{"start":{"line":46,"column":55},"end":{"line":46,"column":56}},"loc":{"start":{"line":46,"column":61},"end":{"line":46,"column":91}},"line":46},"5":{"name":"(anonymous_5)","decl":{"start":{"line":51,"column":51},"end":{"line":51,"column":52}},"loc":{"start":{"line":51,"column":57},"end":{"line":51,"column":83}},"line":51}},"branchMap":{"0":{"loc":{"start":{"line":32,"column":12},"end":{"line":32,"column":136}},"type":"if","locations":[{"start":{"line":32,"column":12},"end":{"line":32,"column":136}},{"start":{},"end":{}}],"line":32},"1":{"loc":{"start":{"line":36,"column":11},"end":{"line":40,"column":11}},"type":"cond-expr","locations":[{"start":{"line":37,"column":12},"end":{"line":37,"column":109}},{"start":{"line":39,"column":12},"end":{"line":39,"column":121}}],"line":36},"2":{"loc":{"start":{"line":50,"column":9},"end":{"line":52,"column":9}},"type":"binary-expr","locations":[{"start":{"line":50,"column":9},"end":{"line":50,"column":51}},{"start":{"line":50,"column":55},"end":{"line":50,"column":70}},{"start":{"line":51,"column":10},"end":{"line":51,"column":123}}],"line":50},"3":{"loc":{"start":{"line":53,"column":9},"end":{"line":61,"column":9}},"type":"binary-expr","locations":[{"start":{"line":53,"column":9},"end":{"line":53,"column":23}},{"start":{"line":54,"column":10},"end":{"line":60,"column":13}}],"line":53},"4":{"loc":{"start":{"line":62,"column":9},"end":{"line":64,"column":9}},"type":"binary-expr","locations":[{"start":{"line":62,"column":9},"end":{"line":62,"column":35}},{"start":{"line":62,"column":39},"end":{"line":62,"column":54}},{"start":{"line":63,"column":10},"end":{"line":63,"column":108}}],"line":62}},"s":{"0":0,"1":0,"2":0,"3":0,"4":0,"5":0,"6":0,"7":0,"8":0,"9":0,"10":0,"11":0,"12":0,"13":0},"f":{"0":0,"1":0,"2":0,"3":0,"4":0,"5":0},"b":{"0":[0,0],"1":[0,0],"2":[0,0,0],"3":[0,0],"4":[0,0,0]}}
,"/Users/suppawit/Documents/work/others/exams/vending-machine-app/src/containers/PaymentPage/components/Payment/styled.ts": {"path":"/Users/suppawit/Documents/work/others/exams/vending-machine-app/src/containers/PaymentPage/components/Payment/styled.ts","statementMap":{},"fnMap":{},"branchMap":{},"s":{},"f":{},"b":{}}
,"/Users/suppawit/Documents/work/others/exams/vending-machine-app/src/containers/PaymentPage/components/Receipt/index.tsx": {"path":"/Users/suppawit/Documents/work/others/exams/vending-machine-app/src/containers/PaymentPage/components/Receipt/index.tsx","statementMap":{"0":{"start":{"line":10,"column":16},"end":{"line":42,"column":1}},"1":{"start":{"line":11,"column":19},"end":{"line":11,"column":32}},"2":{"start":{"line":13,"column":43},"end":{"line":13,"column":64}},"3":{"start":{"line":15,"column":2},"end":{"line":41,"column":3}},"4":{"start":{"line":20,"column":56},"end":{"line":20,"column":80}},"5":{"start":{"line":24,"column":12},"end":{"line":33,"column":18}}},"fnMap":{"0":{"name":"(anonymous_0)","decl":{"start":{"line":10,"column":16},"end":{"line":10,"column":17}},"loc":{"start":{"line":10,"column":22},"end":{"line":42,"column":1}},"line":10},"1":{"name":"(anonymous_1)","decl":{"start":{"line":20,"column":50},"end":{"line":20,"column":51}},"loc":{"start":{"line":20,"column":56},"end":{"line":20,"column":80}},"line":20},"2":{"name":"(anonymous_2)","decl":{"start":{"line":23,"column":29},"end":{"line":23,"column":30}},"loc":{"start":{"line":24,"column":12},"end":{"line":33,"column":18}},"line":24}},"branchMap":{},"s":{"0":0,"1":0,"2":0,"3":0,"4":0,"5":0},"f":{"0":0,"1":0,"2":0},"b":{}}
,"/Users/suppawit/Documents/work/others/exams/vending-machine-app/src/containers/PaymentPage/components/Receipt/styled.ts": {"path":"/Users/suppawit/Documents/work/others/exams/vending-machine-app/src/containers/PaymentPage/components/Receipt/styled.ts","statementMap":{},"fnMap":{},"branchMap":{},"s":{},"f":{},"b":{}}
,"/Users/suppawit/Documents/work/others/exams/vending-machine-app/src/hooks/useMoneyOperation.tsx": {"path":"/Users/suppawit/Documents/work/others/exams/vending-machine-app/src/hooks/useMoneyOperation.tsx","statementMap":{"0":{"start":{"line":9,"column":26},"end":{"line":83,"column":1}},"1":{"start":{"line":10,"column":19},"end":{"line":10,"column":32}},"2":{"start":{"line":12,"column":29},"end":{"line":12,"column":90}},"3":{"start":{"line":12,"column":63},"end":{"line":12,"column":89}},"4":{"start":{"line":13,"column":24},"end":{"line":13,"column":75}},"5":{"start":{"line":13,"column":58},"end":{"line":13,"column":74}},"6":{"start":{"line":14,"column":28},"end":{"line":14,"column":88}},"7":{"start":{"line":14,"column":62},"end":{"line":14,"column":87}},"8":{"start":{"line":15,"column":33},"end":{"line":15,"column":96}},"9":{"start":{"line":15,"column":67},"end":{"line":15,"column":95}},"10":{"start":{"line":17,"column":46},"end":{"line":17,"column":70}},"11":{"start":{"line":19,"column":2},"end":{"line":21,"column":8}},"12":{"start":{"line":20,"column":4},"end":{"line":20,"column":28}},"13":{"start":{"line":23,"column":2},"end":{"line":29,"column":25}},"14":{"start":{"line":24,"column":34},"end":{"line":27,"column":5}},"15":{"start":{"line":25,"column":37},"end":{"line":25,"column":83}},"16":{"start":{"line":28,"column":4},"end":{"line":28,"column":56}},"17":{"start":{"line":31,"column":27},"end":{"line":33,"column":3}},"18":{"start":{"line":32,"column":4},"end":{"line":32,"column":52}},"19":{"start":{"line":35,"column":26},"end":{"line":55,"column":3}},"20":{"start":{"line":36,"column":22},"end":{"line":36,"column":60}},"21":{"start":{"line":37,"column":56},"end":{"line":37,"column":58}},"22":{"start":{"line":38,"column":4},"end":{"line":53,"column":6}},"23":{"start":{"line":39,"column":33},"end":{"line":39,"column":73}},"24":{"start":{"line":40,"column":6},"end":{"line":52,"column":7}},"25":{"start":{"line":41,"column":8},"end":{"line":41,"column":50}},"26":{"start":{"line":42,"column":8},"end":{"line":42,"column":51}},"27":{"start":{"line":43,"column":13},"end":{"line":52,"column":7}},"28":{"start":{"line":46,"column":8},"end":{"line":46,"column":31}},"29":{"start":{"line":47,"column":13},"end":{"line":52,"column":7}},"30":{"start":{"line":50,"column":8},"end":{"line":50,"column":57}},"31":{"start":{"line":51,"column":8},"end":{"line":51,"column":64}},"32":{"start":{"line":54,"column":4},"end":{"line":54,"column":27}},"33":{"start":{"line":57,"column":30},"end":{"line":65,"column":3}},"34":{"start":{"line":58,"column":24},"end":{"line":58,"column":41}},"35":{"start":{"line":59,"column":38},"end":{"line":59,"column":63}},"36":{"start":{"line":60,"column":4},"end":{"line":63,"column":6}},"37":{"start":{"line":61,"column":6},"end":{"line":61,"column":58}},"38":{"start":{"line":62,"column":6},"end":{"line":62,"column":12}},"39":{"start":{"line":64,"column":4},"end":{"line":64,"column":58}},"40":{"start":{"line":67,"column":30},"end":{"line":71,"column":3}},"41":{"start":{"line":68,"column":29},"end":{"line":68,"column":53}},"42":{"start":{"line":69,"column":4},"end":{"line":69,"column":36}},"43":{"start":{"line":70,"column":4},"end":{"line":70,"column":48}},"44":{"start":{"line":73,"column":2},"end":{"line":82,"column":3}}},"fnMap":{"0":{"name":"(anonymous_0)","decl":{"start":{"line":9,"column":26},"end":{"line":9,"column":27}},"loc":{"start":{"line":9,"column":32},"end":{"line":83,"column":1}},"line":9},"1":{"name":"(anonymous_1)","decl":{"start":{"line":12,"column":41},"end":{"line":12,"column":42}},"loc":{"start":{"line":12,"column":63},"end":{"line":12,"column":89}},"line":12},"2":{"name":"(anonymous_2)","decl":{"start":{"line":13,"column":36},"end":{"line":13,"column":37}},"loc":{"start":{"line":13,"column":58},"end":{"line":13,"column":74}},"line":13},"3":{"name":"(anonymous_3)","decl":{"start":{"line":14,"column":40},"end":{"line":14,"column":41}},"loc":{"start":{"line":14,"column":62},"end":{"line":14,"column":87}},"line":14},"4":{"name":"(anonymous_4)","decl":{"start":{"line":15,"column":45},"end":{"line":15,"column":46}},"loc":{"start":{"line":15,"column":67},"end":{"line":15,"column":95}},"line":15},"5":{"name":"(anonymous_5)","decl":{"start":{"line":19,"column":12},"end":{"line":19,"column":13}},"loc":{"start":{"line":19,"column":18},"end":{"line":21,"column":3}},"line":19},"6":{"name":"(anonymous_6)","decl":{"start":{"line":23,"column":12},"end":{"line":23,"column":13}},"loc":{"start":{"line":23,"column":18},"end":{"line":29,"column":3}},"line":23},"7":{"name":"(anonymous_7)","decl":{"start":{"line":25,"column":6},"end":{"line":25,"column":7}},"loc":{"start":{"line":25,"column":37},"end":{"line":25,"column":83}},"line":25},"8":{"name":"(anonymous_8)","decl":{"start":{"line":31,"column":27},"end":{"line":31,"column":28}},"loc":{"start":{"line":31,"column":33},"end":{"line":33,"column":3}},"line":31},"9":{"name":"(anonymous_9)","decl":{"start":{"line":35,"column":26},"end":{"line":35,"column":27}},"loc":{"start":{"line":35,"column":32},"end":{"line":55,"column":3}},"line":35},"10":{"name":"(anonymous_10)","decl":{"start":{"line":38,"column":21},"end":{"line":38,"column":22}},"loc":{"start":{"line":38,"column":39},"end":{"line":53,"column":5}},"line":38},"11":{"name":"(anonymous_11)","decl":{"start":{"line":57,"column":30},"end":{"line":57,"column":31}},"loc":{"start":{"line":57,"column":36},"end":{"line":65,"column":3}},"line":57},"12":{"name":"(anonymous_12)","decl":{"start":{"line":60,"column":33},"end":{"line":60,"column":34}},"loc":{"start":{"line":60,"column":51},"end":{"line":63,"column":5}},"line":60},"13":{"name":"(anonymous_13)","decl":{"start":{"line":67,"column":30},"end":{"line":67,"column":31}},"loc":{"start":{"line":67,"column":53},"end":{"line":71,"column":3}},"line":67}},"branchMap":{"0":{"loc":{"start":{"line":40,"column":6},"end":{"line":52,"column":7}},"type":"if","locations":[{"start":{"line":40,"column":6},"end":{"line":52,"column":7}},{"start":{"line":43,"column":13},"end":{"line":52,"column":7}}],"line":40},"1":{"loc":{"start":{"line":40,"column":10},"end":{"line":40,"column":81}},"type":"binary-expr","locations":[{"start":{"line":40,"column":10},"end":{"line":40,"column":55}},{"start":{"line":40,"column":59},"end":{"line":40,"column":81}}],"line":40},"2":{"loc":{"start":{"line":43,"column":13},"end":{"line":52,"column":7}},"type":"if","locations":[{"start":{"line":43,"column":13},"end":{"line":52,"column":7}},{"start":{"line":47,"column":13},"end":{"line":52,"column":7}}],"line":43},"3":{"loc":{"start":{"line":43,"column":17},"end":{"line":43,"column":78}},"type":"binary-expr","locations":[{"start":{"line":43,"column":17},"end":{"line":43,"column":29}},{"start":{"line":43,"column":33},"end":{"line":43,"column":78}}],"line":43},"4":{"loc":{"start":{"line":47,"column":13},"end":{"line":52,"column":7}},"type":"if","locations":[{"start":{"line":47,"column":13},"end":{"line":52,"column":7}},{"start":{},"end":{}}],"line":47}},"s":{"0":0,"1":0,"2":0,"3":0,"4":0,"5":0,"6":0,"7":0,"8":0,"9":0,"10":0,"11":0,"12":0,"13":0,"14":0,"15":0,"16":0,"17":0,"18":0,"19":0,"20":0,"21":0,"22":0,"23":0,"24":0,"25":0,"26":0,"27":0,"28":0,"29":0,"30":0,"31":0,"32":0,"33":0,"34":0,"35":0,"36":0,"37":0,"38":0,"39":0,"40":0,"41":0,"42":0,"43":0,"44":0},"f":{"0":0,"1":0,"2":0,"3":0,"4":0,"5":0,"6":0,"7":0,"8":0,"9":0,"10":0,"11":0,"12":0,"13":0},"b":{"0":[0,0],"1":[0,0],"2":[0,0],"3":[0,0],"4":[0,0]}}
,"/Users/suppawit/Documents/work/others/exams/vending-machine-app/src/hooks/useProductOperation.tsx": {"path":"/Users/suppawit/Documents/work/others/exams/vending-machine-app/src/hooks/useProductOperation.tsx","statementMap":{"0":{"start":{"line":12,"column":28},"end":{"line":140,"column":1}},"1":{"start":{"line":13,"column":19},"end":{"line":13,"column":32}},"2":{"start":{"line":15,"column":22},"end":{"line":15,"column":70}},"3":{"start":{"line":15,"column":56},"end":{"line":15,"column":69}},"4":{"start":{"line":16,"column":26},"end":{"line":16,"column":86}},"5":{"start":{"line":16,"column":60},"end":{"line":16,"column":85}},"6":{"start":{"line":17,"column":24},"end":{"line":17,"column":75}},"7":{"start":{"line":17,"column":58},"end":{"line":17,"column":74}},"8":{"start":{"line":18,"column":24},"end":{"line":18,"column":75}},"9":{"start":{"line":18,"column":58},"end":{"line":18,"column":74}},"10":{"start":{"line":20,"column":50},"end":{"line":20,"column":69}},"11":{"start":{"line":22,"column":2},"end":{"line":27,"column":21}},"12":{"start":{"line":23,"column":4},"end":{"line":23,"column":49}},"13":{"start":{"line":25,"column":32},"end":{"line":25,"column":108}},"14":{"start":{"line":25,"column":85},"end":{"line":25,"column":104}},"15":{"start":{"line":26,"column":4},"end":{"line":26,"column":44}},"16":{"start":{"line":29,"column":2},"end":{"line":31,"column":23}},"17":{"start":{"line":30,"column":4},"end":{"line":30,"column":29}},"18":{"start":{"line":33,"column":25},"end":{"line":35,"column":3}},"19":{"start":{"line":34,"column":4},"end":{"line":34,"column":30}},"20":{"start":{"line":37,"column":34},"end":{"line":47,"column":3}},"21":{"start":{"line":38,"column":18},"end":{"line":38,"column":105}},"22":{"start":{"line":38,"column":63},"end":{"line":38,"column":104}},"23":{"start":{"line":39,"column":18},"end":{"line":39,"column":105}},"24":{"start":{"line":39,"column":63},"end":{"line":39,"column":104}},"25":{"start":{"line":40,"column":19},"end":{"line":40,"column":107}},"26":{"start":{"line":40,"column":64},"end":{"line":40,"column":106}},"27":{"start":{"line":41,"column":21},"end":{"line":41,"column":84}},"28":{"start":{"line":41,"column":66},"end":{"line":41,"column":83}},"29":{"start":{"line":43,"column":4},"end":{"line":43,"column":36}},"30":{"start":{"line":44,"column":4},"end":{"line":44,"column":36}},"31":{"start":{"line":45,"column":4},"end":{"line":45,"column":38}},"32":{"start":{"line":46,"column":4},"end":{"line":46,"column":40}},"33":{"start":{"line":49,"column":39},"end":{"line":57,"column":3}},"34":{"start":{"line":50,"column":27},"end":{"line":55,"column":6}},"35":{"start":{"line":51,"column":6},"end":{"line":53,"column":7}},"36":{"start":{"line":52,"column":8},"end":{"line":52,"column":64}},"37":{"start":{"line":54,"column":6},"end":{"line":54,"column":17}},"38":{"start":{"line":56,"column":4},"end":{"line":56,"column":44}},"39":{"start":{"line":59,"column":41},"end":{"line":67,"column":3}},"40":{"start":{"line":60,"column":27},"end":{"line":65,"column":6}},"41":{"start":{"line":61,"column":6},"end":{"line":63,"column":7}},"42":{"start":{"line":62,"column":8},"end":{"line":62,"column":64}},"43":{"start":{"line":64,"column":6},"end":{"line":64,"column":17}},"44":{"start":{"line":66,"column":4},"end":{"line":66,"column":44}},"45":{"start":{"line":69,"column":30},"end":{"line":80,"column":3}},"46":{"start":{"line":70,"column":35},"end":{"line":70,"column":98}},"47":{"start":{"line":70,"column":73},"end":{"line":70,"column":97}},"48":{"start":{"line":71,"column":4},"end":{"line":78,"column":5}},"49":{"start":{"line":72,"column":27},"end":{"line":74,"column":7}},"50":{"start":{"line":73,"column":8},"end":{"line":73,"column":111}},"51":{"start":{"line":75,"column":6},"end":{"line":75,"column":42}},"52":{"start":{"line":77,"column":6},"end":{"line":77,"column":108}},"53":{"start":{"line":79,"column":4},"end":{"line":79,"column":53}},"54":{"start":{"line":82,"column":30},"end":{"line":82,"column":125}},"55":{"start":{"line":82,"column":36},"end":{"line":82,"column":125}},"56":{"start":{"line":82,"column":89},"end":{"line":82,"column":121}},"57":{"start":{"line":84,"column":41},"end":{"line":100,"column":3}},"58":{"start":{"line":85,"column":24},"end":{"line":90,"column":6}},"59":{"start":{"line":86,"column":6},"end":{"line":88,"column":7}},"60":{"start":{"line":87,"column":8},"end":{"line":87,"column":55}},"61":{"start":{"line":89,"column":6},"end":{"line":89,"column":17}},"62":{"start":{"line":92,"column":31},"end":{"line":97,"column":6}},"63":{"start":{"line":93,"column":6},"end":{"line":95,"column":7}},"64":{"start":{"line":94,"column":8},"end":{"line":94,"column":57}},"65":{"start":{"line":96,"column":6},"end":{"line":96,"column":17}},"66":{"start":{"line":98,"column":4},"end":{"line":98,"column":39}},"67":{"start":{"line":99,"column":4},"end":{"line":99,"column":48}},"68":{"start":{"line":102,"column":41},"end":{"line":118,"column":3}},"69":{"start":{"line":103,"column":24},"end":{"line":108,"column":6}},"70":{"start":{"line":104,"column":6},"end":{"line":106,"column":7}},"71":{"start":{"line":105,"column":8},"end":{"line":105,"column":55}},"72":{"start":{"line":107,"column":6},"end":{"line":107,"column":17}},"73":{"start":{"line":110,"column":31},"end":{"line":115,"column":6}},"74":{"start":{"line":111,"column":6},"end":{"line":113,"column":7}},"75":{"start":{"line":112,"column":8},"end":{"line":112,"column":57}},"76":{"start":{"line":114,"column":6},"end":{"line":114,"column":17}},"77":{"start":{"line":116,"column":4},"end":{"line":116,"column":39}},"78":{"start":{"line":117,"column":4},"end":{"line":117,"column":48}},"79":{"start":{"line":120,"column":33},"end":{"line":124,"column":3}},"80":{"start":{"line":121,"column":24},"end":{"line":121,"column":92}},"81":{"start":{"line":121,"column":64},"end":{"line":121,"column":91}},"82":{"start":{"line":122,"column":4},"end":{"line":122,"column":39}},"83":{"start":{"line":123,"column":4},"end":{"line":123,"column":71}},"84":{"start":{"line":126,"column":2},"end":{"line":139,"column":3}}},"fnMap":{"0":{"name":"(anonymous_0)","decl":{"start":{"line":12,"column":28},"end":{"line":12,"column":29}},"loc":{"start":{"line":12,"column":34},"end":{"line":140,"column":1}},"line":12},"1":{"name":"(anonymous_1)","decl":{"start":{"line":15,"column":34},"end":{"line":15,"column":35}},"loc":{"start":{"line":15,"column":56},"end":{"line":15,"column":69}},"line":15},"2":{"name":"(anonymous_2)","decl":{"start":{"line":16,"column":38},"end":{"line":16,"column":39}},"loc":{"start":{"line":16,"column":60},"end":{"line":16,"column":85}},"line":16},"3":{"name":"(anonymous_3)","decl":{"start":{"line":17,"column":36},"end":{"line":17,"column":37}},"loc":{"start":{"line":17,"column":58},"end":{"line":17,"column":74}},"line":17},"4":{"name":"(anonymous_4)","decl":{"start":{"line":18,"column":36},"end":{"line":18,"column":37}},"loc":{"start":{"line":18,"column":58},"end":{"line":18,"column":74}},"line":18},"5":{"name":"(anonymous_5)","decl":{"start":{"line":22,"column":12},"end":{"line":22,"column":13}},"loc":{"start":{"line":22,"column":18},"end":{"line":27,"column":3}},"line":22},"6":{"name":"(anonymous_6)","decl":{"start":{"line":25,"column":53},"end":{"line":25,"column":54}},"loc":{"start":{"line":25,"column":85},"end":{"line":25,"column":104}},"line":25},"7":{"name":"(anonymous_7)","decl":{"start":{"line":29,"column":12},"end":{"line":29,"column":13}},"loc":{"start":{"line":29,"column":18},"end":{"line":31,"column":3}},"line":29},"8":{"name":"(anonymous_8)","decl":{"start":{"line":33,"column":25},"end":{"line":33,"column":26}},"loc":{"start":{"line":33,"column":31},"end":{"line":35,"column":3}},"line":33},"9":{"name":"(anonymous_9)","decl":{"start":{"line":37,"column":34},"end":{"line":37,"column":35}},"loc":{"start":{"line":37,"column":40},"end":{"line":47,"column":3}},"line":37},"10":{"name":"(anonymous_10)","decl":{"start":{"line":38,"column":41},"end":{"line":38,"column":42}},"loc":{"start":{"line":38,"column":63},"end":{"line":38,"column":104}},"line":38},"11":{"name":"(anonymous_11)","decl":{"start":{"line":39,"column":41},"end":{"line":39,"column":42}},"loc":{"start":{"line":39,"column":63},"end":{"line":39,"column":104}},"line":39},"12":{"name":"(anonymous_12)","decl":{"start":{"line":40,"column":42},"end":{"line":40,"column":43}},"loc":{"start":{"line":40,"column":64},"end":{"line":40,"column":106}},"line":40},"13":{"name":"(anonymous_13)","decl":{"start":{"line":41,"column":44},"end":{"line":41,"column":45}},"loc":{"start":{"line":41,"column":66},"end":{"line":41,"column":83}},"line":41},"14":{"name":"(anonymous_14)","decl":{"start":{"line":49,"column":39},"end":{"line":49,"column":40}},"loc":{"start":{"line":49,"column":84},"end":{"line":57,"column":3}},"line":49},"15":{"name":"(anonymous_15)","decl":{"start":{"line":50,"column":47},"end":{"line":50,"column":48}},"loc":{"start":{"line":50,"column":66},"end":{"line":55,"column":5}},"line":50},"16":{"name":"(anonymous_16)","decl":{"start":{"line":59,"column":41},"end":{"line":59,"column":42}},"loc":{"start":{"line":59,"column":86},"end":{"line":67,"column":3}},"line":59},"17":{"name":"(anonymous_17)","decl":{"start":{"line":60,"column":47},"end":{"line":60,"column":48}},"loc":{"start":{"line":60,"column":66},"end":{"line":65,"column":5}},"line":60},"18":{"name":"(anonymous_18)","decl":{"start":{"line":69,"column":30},"end":{"line":69,"column":31}},"loc":{"start":{"line":69,"column":72},"end":{"line":80,"column":3}},"line":69},"19":{"name":"(anonymous_19)","decl":{"start":{"line":70,"column":54},"end":{"line":70,"column":55}},"loc":{"start":{"line":70,"column":73},"end":{"line":70,"column":97}},"line":70},"20":{"name":"(anonymous_20)","decl":{"start":{"line":72,"column":45},"end":{"line":72,"column":46}},"loc":{"start":{"line":73,"column":8},"end":{"line":73,"column":111}},"line":73},"21":{"name":"(anonymous_21)","decl":{"start":{"line":82,"column":30},"end":{"line":82,"column":31}},"loc":{"start":{"line":82,"column":36},"end":{"line":82,"column":125}},"line":82},"22":{"name":"(anonymous_22)","decl":{"start":{"line":82,"column":57},"end":{"line":82,"column":58}},"loc":{"start":{"line":82,"column":89},"end":{"line":82,"column":121}},"line":82},"23":{"name":"(anonymous_23)","decl":{"start":{"line":84,"column":41},"end":{"line":84,"column":42}},"loc":{"start":{"line":84,"column":68},"end":{"line":100,"column":3}},"line":84},"24":{"name":"(anonymous_24)","decl":{"start":{"line":85,"column":42},"end":{"line":85,"column":43}},"loc":{"start":{"line":85,"column":61},"end":{"line":90,"column":5}},"line":85},"25":{"name":"(anonymous_25)","decl":{"start":{"line":92,"column":51},"end":{"line":92,"column":52}},"loc":{"start":{"line":92,"column":70},"end":{"line":97,"column":5}},"line":92},"26":{"name":"(anonymous_26)","decl":{"start":{"line":102,"column":41},"end":{"line":102,"column":42}},"loc":{"start":{"line":102,"column":68},"end":{"line":118,"column":3}},"line":102},"27":{"name":"(anonymous_27)","decl":{"start":{"line":103,"column":42},"end":{"line":103,"column":43}},"loc":{"start":{"line":103,"column":61},"end":{"line":108,"column":5}},"line":103},"28":{"name":"(anonymous_28)","decl":{"start":{"line":110,"column":51},"end":{"line":110,"column":52}},"loc":{"start":{"line":110,"column":70},"end":{"line":115,"column":5}},"line":110},"29":{"name":"(anonymous_29)","decl":{"start":{"line":120,"column":33},"end":{"line":120,"column":34}},"loc":{"start":{"line":120,"column":60},"end":{"line":124,"column":3}},"line":120},"30":{"name":"(anonymous_30)","decl":{"start":{"line":121,"column":45},"end":{"line":121,"column":46}},"loc":{"start":{"line":121,"column":64},"end":{"line":121,"column":91}},"line":121}},"branchMap":{"0":{"loc":{"start":{"line":51,"column":6},"end":{"line":53,"column":7}},"type":"if","locations":[{"start":{"line":51,"column":6},"end":{"line":53,"column":7}},{"start":{},"end":{}}],"line":51},"1":{"loc":{"start":{"line":61,"column":6},"end":{"line":63,"column":7}},"type":"if","locations":[{"start":{"line":61,"column":6},"end":{"line":63,"column":7}},{"start":{},"end":{}}],"line":61},"2":{"loc":{"start":{"line":71,"column":4},"end":{"line":78,"column":5}},"type":"if","locations":[{"start":{"line":71,"column":4},"end":{"line":78,"column":5}},{"start":{"line":76,"column":11},"end":{"line":78,"column":5}}],"line":71},"3":{"loc":{"start":{"line":73,"column":8},"end":{"line":73,"column":111}},"type":"cond-expr","locations":[{"start":{"line":73,"column":35},"end":{"line":73,"column":104}},{"start":{"line":73,"column":107},"end":{"line":73,"column":111}}],"line":73},"4":{"loc":{"start":{"line":86,"column":6},"end":{"line":88,"column":7}},"type":"if","locations":[{"start":{"line":86,"column":6},"end":{"line":88,"column":7}},{"start":{},"end":{}}],"line":86},"5":{"loc":{"start":{"line":93,"column":6},"end":{"line":95,"column":7}},"type":"if","locations":[{"start":{"line":93,"column":6},"end":{"line":95,"column":7}},{"start":{},"end":{}}],"line":93},"6":{"loc":{"start":{"line":104,"column":6},"end":{"line":106,"column":7}},"type":"if","locations":[{"start":{"line":104,"column":6},"end":{"line":106,"column":7}},{"start":{},"end":{}}],"line":104},"7":{"loc":{"start":{"line":111,"column":6},"end":{"line":113,"column":7}},"type":"if","locations":[{"start":{"line":111,"column":6},"end":{"line":113,"column":7}},{"start":{},"end":{}}],"line":111}},"s":{"0":1,"1":12,"2":12,"3":12,"4":12,"5":12,"6":12,"7":12,"8":12,"9":12,"10":12,"11":12,"12":4,"13":4,"14":0,"15":4,"16":12,"17":4,"18":12,"19":0,"20":12,"21":4,"22":45,"23":4,"24":45,"25":4,"26":45,"27":4,"28":45,"29":4,"30":4,"31":4,"32":4,"33":12,"34":1,"35":11,"36":1,"37":10,"38":1,"39":12,"40":0,"41":0,"42":0,"43":0,"44":0,"45":12,"46":1,"47":0,"48":1,"49":0,"50":0,"51":0,"52":1,"53":1,"54":12,"55":4,"56":0,"57":12,"58":0,"59":0,"60":0,"61":0,"62":0,"63":0,"64":0,"65":0,"66":0,"67":0,"68":12,"69":0,"70":0,"71":0,"72":0,"73":0,"74":0,"75":0,"76":0,"77":0,"78":0,"79":12,"80":0,"81":0,"82":0,"83":0,"84":12},"f":{"0":12,"1":12,"2":12,"3":12,"4":12,"5":4,"6":0,"7":4,"8":0,"9":4,"10":45,"11":45,"12":45,"13":45,"14":1,"15":11,"16":0,"17":0,"18":1,"19":0,"20":0,"21":4,"22":0,"23":0,"24":0,"25":0,"26":0,"27":0,"28":0,"29":0,"30":0},"b":{"0":[1,10],"1":[0,0],"2":[0,1],"3":[0,0],"4":[0,0],"5":[0,0],"6":[0,0],"7":[0,0]},"_coverageSchema":"1a1c01bbd47fc00a2c39e90264f33305004495a9","hash":"268d92b0eae29470428a6abd9c3b6e35d3fd9176"}
,"/Users/suppawit/Documents/work/others/exams/vending-machine-app/src/interfaces/component.ts": {"path":"/Users/suppawit/Documents/work/others/exams/vending-machine-app/src/interfaces/component.ts","statementMap":{},"fnMap":{},"branchMap":{},"s":{},"f":{},"b":{}}
,"/Users/suppawit/Documents/work/others/exams/vending-machine-app/src/interfaces/container.ts": {"path":"/Users/suppawit/Documents/work/others/exams/vending-machine-app/src/interfaces/container.ts","statementMap":{},"fnMap":{},"branchMap":{},"s":{},"f":{},"b":{}}
,"/Users/suppawit/Documents/work/others/exams/vending-machine-app/src/interfaces/money.ts": {"path":"/Users/suppawit/Documents/work/others/exams/vending-machine-app/src/interfaces/money.ts","statementMap":{},"fnMap":{},"branchMap":{},"s":{},"f":{},"b":{}}
,"/Users/suppawit/Documents/work/others/exams/vending-machine-app/src/interfaces/product.ts": {"path":"/Users/suppawit/Documents/work/others/exams/vending-machine-app/src/interfaces/product.ts","statementMap":{},"fnMap":{},"branchMap":{},"s":{},"f":{},"b":{}}
,"/Users/suppawit/Documents/work/others/exams/vending-machine-app/src/interfaces/redux.ts": {"path":"/Users/suppawit/Documents/work/others/exams/vending-machine-app/src/interfaces/redux.ts","statementMap":{},"fnMap":{},"branchMap":{},"s":{},"f":{},"b":{}}
,"/Users/suppawit/Documents/work/others/exams/vending-machine-app/src/routes/router.tsx": {"path":"/Users/suppawit/Documents/work/others/exams/vending-machine-app/src/routes/router.tsx","statementMap":{"0":{"start":{"line":9,"column":15},"end":{"line":25,"column":1}},"1":{"start":{"line":10,"column":21},"end":{"line":18,"column":3}},"2":{"start":{"line":11,"column":4},"end":{"line":17,"column":20}},"3":{"start":{"line":20,"column":2},"end":{"line":24,"column":3}}},"fnMap":{"0":{"name":"(anonymous_0)","decl":{"start":{"line":9,"column":15},"end":{"line":9,"column":16}},"loc":{"start":{"line":9,"column":21},"end":{"line":25,"column":1}},"line":9},"1":{"name":"(anonymous_1)","decl":{"start":{"line":10,"column":21},"end":{"line":10,"column":22}},"loc":{"start":{"line":11,"column":4},"end":{"line":17,"column":20}},"line":11}},"branchMap":{},"s":{"0":0,"1":0,"2":0,"3":0},"f":{"0":0,"1":0},"b":{}}
,"/Users/suppawit/Documents/work/others/exams/vending-machine-app/src/store/index.ts": {"path":"/Users/suppawit/Documents/work/others/exams/vending-machine-app/src/store/index.ts","statementMap":{"0":{"start":{"line":4,"column":14},"end":{"line":7,"column":2}},"1":{"start":{"line":6,"column":40},"end":{"line":6,"column":88}}},"fnMap":{"0":{"name":"(anonymous_0)","decl":{"start":{"line":6,"column":14},"end":{"line":6,"column":15}},"loc":{"start":{"line":6,"column":40},"end":{"line":6,"column":88}},"line":6}},"branchMap":{},"s":{"0":3,"1":3},"f":{"0":3},"b":{},"_coverageSchema":"1a1c01bbd47fc00a2c39e90264f33305004495a9","hash":"87b5cbb20f0fb95153e0ca59b027dae8e769448a"}
,"/Users/suppawit/Documents/work/others/exams/vending-machine-app/src/store/slices/index.ts": {"path":"/Users/suppawit/Documents/work/others/exams/vending-machine-app/src/store/slices/index.ts","statementMap":{"0":{"start":{"line":7,"column":20},"end":{"line":11,"column":2}}},"fnMap":{},"branchMap":{},"s":{"0":3},"f":{},"b":{},"_coverageSchema":"1a1c01bbd47fc00a2c39e90264f33305004495a9","hash":"60641e9605783ac97e300c69ffa2453267ace6cb"}
,"/Users/suppawit/Documents/work/others/exams/vending-machine-app/src/store/slices/cart/index.ts": {"path":"/Users/suppawit/Documents/work/others/exams/vending-machine-app/src/store/slices/cart/index.ts","statementMap":{"0":{"start":{"line":6,"column":21},"end":{"line":9,"column":1}},"1":{"start":{"line":11,"column":18},"end":{"line":22,"column":2}},"2":{"start":{"line":16,"column":6},"end":{"line":16,"column":27}},"3":{"start":{"line":19,"column":6},"end":{"line":19,"column":27}},"4":{"start":{"line":24,"column":23},"end":{"line":24,"column":40}},"5":{"start":{"line":26,"column":20},"end":{"line":26,"column":29}},"6":{"start":{"line":27,"column":46},"end":{"line":27,"column":53}}},"fnMap":{"0":{"name":"(anonymous_0)","decl":{"start":{"line":15,"column":18},"end":{"line":15,"column":19}},"loc":{"start":{"line":15,"column":42},"end":{"line":17,"column":5}},"line":15},"1":{"name":"(anonymous_1)","decl":{"start":{"line":18,"column":18},"end":{"line":18,"column":19}},"loc":{"start":{"line":18,"column":42},"end":{"line":20,"column":5}},"line":18}},"branchMap":{},"s":{"0":4,"1":4,"2":1,"3":1,"4":4,"5":4,"6":4},"f":{"0":1,"1":1},"b":{},"_coverageSchema":"1a1c01bbd47fc00a2c39e90264f33305004495a9","hash":"b0978f1f134af75e736adc6d4ceaa289f68760e1"}
,"/Users/suppawit/Documents/work/others/exams/vending-machine-app/src/store/slices/money/index.ts": {"path":"/Users/suppawit/Documents/work/others/exams/vending-machine-app/src/store/slices/money/index.ts","statementMap":{"0":{"start":{"line":7,"column":21},"end":{"line":11,"column":1}},"1":{"start":{"line":13,"column":19},"end":{"line":27,"column":2}},"2":{"start":{"line":18,"column":6},"end":{"line":18,"column":36}},"3":{"start":{"line":21,"column":6},"end":{"line":21,"column":35}},"4":{"start":{"line":24,"column":6},"end":{"line":24,"column":38}},"5":{"start":{"line":29,"column":23},"end":{"line":29,"column":41}},"6":{"start":{"line":31,"column":20},"end":{"line":31,"column":30}},"7":{"start":{"line":32,"column":76},"end":{"line":32,"column":83}}},"fnMap":{"0":{"name":"(anonymous_0)","decl":{"start":{"line":17,"column":23},"end":{"line":17,"column":24}},"loc":{"start":{"line":17,"column":47},"end":{"line":19,"column":5}},"line":17},"1":{"name":"(anonymous_1)","decl":{"start":{"line":20,"column":22},"end":{"line":20,"column":23}},"loc":{"start":{"line":20,"column":46},"end":{"line":22,"column":5}},"line":20},"2":{"name":"(anonymous_2)","decl":{"start":{"line":23,"column":25},"end":{"line":23,"column":26}},"loc":{"start":{"line":23,"column":49},"end":{"line":25,"column":5}},"line":23}},"branchMap":{},"s":{"0":3,"1":3,"2":1,"3":1,"4":1,"5":3,"6":3,"7":3},"f":{"0":1,"1":1,"2":1},"b":{},"_coverageSchema":"1a1c01bbd47fc00a2c39e90264f33305004495a9","hash":"e9fa1f5fda31a0666dacb9bce5e22b3d3c7393b0"}
,"/Users/suppawit/Documents/work/others/exams/vending-machine-app/src/store/slices/product/index.ts": {"path":"/Users/suppawit/Documents/work/others/exams/vending-machine-app/src/store/slices/product/index.ts","statementMap":{"0":{"start":{"line":4,"column":21},"end":{"line":10,"column":1}},"1":{"start":{"line":12,"column":21},"end":{"line":32,"column":2}},"2":{"start":{"line":17,"column":6},"end":{"line":17,"column":33}},"3":{"start":{"line":20,"column":6},"end":{"line":20,"column":27}},"4":{"start":{"line":23,"column":6},"end":{"line":23,"column":27}},"5":{"start":{"line":26,"column":6},"end":{"line":26,"column":28}},"6":{"start":{"line":29,"column":6},"end":{"line":29,"column":29}},"7":{"start":{"line":34,"column":23},"end":{"line":34,"column":43}},"8":{"start":{"line":36,"column":20},"end":{"line":36,"column":32}},"9":{"start":{"line":37,"column":104},"end":{"line":37,"column":111}}},"fnMap":{"0":{"name":"(anonymous_0)","decl":{"start":{"line":16,"column":20},"end":{"line":16,"column":21}},"loc":{"start":{"line":16,"column":44},"end":{"line":18,"column":5}},"line":16},"1":{"name":"(anonymous_1)","decl":{"start":{"line":19,"column":21},"end":{"line":19,"column":22}},"loc":{"start":{"line":19,"column":45},"end":{"line":21,"column":5}},"line":19},"2":{"name":"(anonymous_2)","decl":{"start":{"line":22,"column":21},"end":{"line":22,"column":22}},"loc":{"start":{"line":22,"column":45},"end":{"line":24,"column":5}},"line":22},"3":{"name":"(anonymous_3)","decl":{"start":{"line":25,"column":22},"end":{"line":25,"column":23}},"loc":{"start":{"line":25,"column":46},"end":{"line":27,"column":5}},"line":25},"4":{"name":"(anonymous_4)","decl":{"start":{"line":28,"column":22},"end":{"line":28,"column":23}},"loc":{"start":{"line":28,"column":46},"end":{"line":30,"column":5}},"line":28}},"branchMap":{},"s":{"0":4,"1":4,"2":1,"3":1,"4":1,"5":1,"6":1,"7":4,"8":4,"9":4},"f":{"0":1,"1":1,"2":1,"3":1,"4":1},"b":{},"_coverageSchema":"1a1c01bbd47fc00a2c39e90264f33305004495a9","hash":"a214bca0ad22f183566eb2a127231b7737fe7d82"}
}
